  CameraManager.cpp
D:\바탕화면 백업\대학\그래픽스\리팩토링\PA4-C077035\Framework\CameraManager.cpp(16,31): warning C4316: 'FirstPersonCamera': 힙에 할당된 개체가 16에 맞추어져 있지 않을 수도 있습니다
C:\Program Files (x86)\Microsoft Visual Studio\2019\Community\VC\Tools\MSVC\14.29.30133\include\memory(3381,1): warning C4316: 'FirstPersonCamera': 힙에 할당된 개체가 16에 맞추어져 있지 않을 수도 있습니다
D:\바탕화면 백업\대학\그래픽스\리팩토링\PA4-C077035\Framework\CameraManager.cpp(18): message : 컴파일되는 함수 템플릿 인스턴스화 'std::unique_ptr<FirstPersonCamera,std::default_delete<FirstPersonCamera>> std::make_unique<FirstPersonCamera,,0>(void)'에 대한 참조를 확인하세요.
C:\Program Files (x86)\Microsoft Visual Studio\2019\Community\VC\Tools\MSVC\14.29.30133\include\memory(3381,1): warning C4316: 'ThirdPersonCamera': 힙에 할당된 개체가 16에 맞추어져 있지 않을 수도 있습니다
D:\바탕화면 백업\대학\그래픽스\리팩토링\PA4-C077035\Framework\CameraManager.cpp(19): message : 컴파일되는 함수 템플릿 인스턴스화 'std::unique_ptr<ThirdPersonCamera,std::default_delete<ThirdPersonCamera>> std::make_unique<ThirdPersonCamera,,0>(void)'에 대한 참조를 확인하세요.
  ObjectClass.cpp
D:\바탕화면 백업\대학\그래픽스\리팩토링\PA4-C077035\Framework\ObjectClass.cpp(36,148): warning C4316: 'SkyBox': 힙에 할당된 개체가 16에 맞추어져 있지 않을 수도 있습니다
D:\바탕화면 백업\대학\그래픽스\리팩토링\PA4-C077035\Framework\ObjectClass.cpp(37,143): warning C4316: 'Player': 힙에 할당된 개체가 16에 맞추어져 있지 않을 수도 있습니다
D:\바탕화면 백업\대학\그래픽스\리팩토링\PA4-C077035\Framework\ObjectClass.cpp(38,64): warning C4305: '인수': 'double'에서 'float'(으)로 잘립니다.
D:\바탕화면 백업\대학\그래픽스\리팩토링\PA4-C077035\Framework\ObjectClass.cpp(38,146): warning C4316: 'Image': 힙에 할당된 개체가 16에 맞추어져 있지 않을 수도 있습니다
D:\바탕화면 백업\대학\그래픽스\리팩토링\PA4-C077035\Framework\ObjectClass.cpp(44,2): warning C4316: 'Bullet': 힙에 할당된 개체가 16에 맞추어져 있지 않을 수도 있습니다
D:\바탕화면 백업\대학\그래픽스\리팩토링\PA4-C077035\Framework\ObjectClass.cpp(50,2): warning C4316: 'Bullet': 힙에 할당된 개체가 16에 맞추어져 있지 않을 수도 있습니다
D:\바탕화면 백업\대학\그래픽스\리팩토링\PA4-C077035\Framework\ObjectClass.cpp(56,2): warning C4316: 'Bullet': 힙에 할당된 개체가 16에 맞추어져 있지 않을 수도 있습니다
D:\바탕화면 백업\대학\그래픽스\리팩토링\PA4-C077035\Framework\ObjectClass.cpp(61,46): warning C4316: 'Monster': 힙에 할당된 개체가 16에 맞추어져 있지 않을 수도 있습니다
D:\바탕화면 백업\대학\그래픽스\리팩토링\PA4-C077035\Framework\ObjectClass.cpp(66,48): warning C4316: 'Monster': 힙에 할당된 개체가 16에 맞추어져 있지 않을 수도 있습니다
D:\바탕화면 백업\대학\그래픽스\리팩토링\PA4-C077035\Framework\ObjectClass.cpp(71,48): warning C4316: 'Billboard': 힙에 할당된 개체가 16에 맞추어져 있지 않을 수도 있습니다
D:\바탕화면 백업\대학\그래픽스\리팩토링\PA4-C077035\Framework\ObjectClass.cpp(76,49): warning C4316: 'Billboard': 힙에 할당된 개체가 16에 맞추어져 있지 않을 수도 있습니다
D:\바탕화면 백업\대학\그래픽스\리팩토링\PA4-C077035\Framework\ObjectClass.cpp(80,49): warning C4316: 'Billboard': 힙에 할당된 개체가 16에 맞추어져 있지 않을 수도 있습니다
D:\바탕화면 백업\대학\그래픽스\리팩토링\PA4-C077035\Framework\ObjectClass.cpp(84,49): warning C4316: 'Billboard': 힙에 할당된 개체가 16에 맞추어져 있지 않을 수도 있습니다
D:\바탕화면 백업\대학\그래픽스\리팩토링\PA4-C077035\Framework\ObjectClass.cpp(88,49): warning C4316: 'Billboard': 힙에 할당된 개체가 16에 맞추어져 있지 않을 수도 있습니다
D:\바탕화면 백업\대학\그래픽스\리팩토링\PA4-C077035\Framework\ObjectClass.cpp(94,40): warning C4316: 'Terrain': 힙에 할당된 개체가 16에 맞추어져 있지 않을 수도 있습니다
D:\바탕화면 백업\대학\그래픽스\리팩토링\PA4-C077035\Framework\ObjectClass.cpp(99,42): warning C4316: 'Terrain': 힙에 할당된 개체가 16에 맞추어져 있지 않을 수도 있습니다
D:\바탕화면 백업\대학\그래픽스\리팩토링\PA4-C077035\Framework\ObjectClass.cpp(104,40): warning C4316: 'Terrain': 힙에 할당된 개체가 16에 맞추어져 있지 않을 수도 있습니다
D:\바탕화면 백업\대학\그래픽스\리팩토링\PA4-C077035\Framework\ObjectClass.cpp(109,42): warning C4316: 'Terrain': 힙에 할당된 개체가 16에 맞추어져 있지 않을 수도 있습니다
D:\바탕화면 백업\대학\그래픽스\리팩토링\PA4-C077035\Framework\ObjectClass.cpp(114,40): warning C4316: 'Terrain': 힙에 할당된 개체가 16에 맞추어져 있지 않을 수도 있습니다
D:\바탕화면 백업\대학\그래픽스\리팩토링\PA4-C077035\Framework\ObjectClass.cpp(118,40): warning C4316: 'Terrain': 힙에 할당된 개체가 16에 맞추어져 있지 않을 수도 있습니다
D:\바탕화면 백업\대학\그래픽스\리팩토링\PA4-C077035\Framework\ObjectClass.cpp(122,40): warning C4316: 'Terrain': 힙에 할당된 개체가 16에 맞추어져 있지 않을 수도 있습니다
D:\바탕화면 백업\대학\그래픽스\리팩토링\PA4-C077035\Framework\ObjectClass.cpp(126,40): warning C4316: 'Terrain': 힙에 할당된 개체가 16에 맞추어져 있지 않을 수도 있습니다
D:\바탕화면 백업\대학\그래픽스\리팩토링\PA4-C077035\Framework\ObjectClass.cpp(130,40): warning C4316: 'Terrain': 힙에 할당된 개체가 16에 맞추어져 있지 않을 수도 있습니다
D:\바탕화면 백업\대학\그래픽스\리팩토링\PA4-C077035\Framework\ObjectClass.cpp(134,40): warning C4316: 'Terrain': 힙에 할당된 개체가 16에 맞추어져 있지 않을 수도 있습니다
D:\바탕화면 백업\대학\그래픽스\리팩토링\PA4-C077035\Framework\ObjectClass.cpp(138,40): warning C4316: 'Terrain': 힙에 할당된 개체가 16에 맞추어져 있지 않을 수도 있습니다
D:\바탕화면 백업\대학\그래픽스\리팩토링\PA4-C077035\Framework\ObjectClass.cpp(142,42): warning C4316: 'Terrain': 힙에 할당된 개체가 16에 맞추어져 있지 않을 수도 있습니다
D:\바탕화면 백업\대학\그래픽스\리팩토링\PA4-C077035\Framework\ObjectClass.cpp(146,42): warning C4316: 'Terrain': 힙에 할당된 개체가 16에 맞추어져 있지 않을 수도 있습니다
D:\바탕화면 백업\대학\그래픽스\리팩토링\PA4-C077035\Framework\ObjectClass.cpp(150,42): warning C4316: 'Terrain': 힙에 할당된 개체가 16에 맞추어져 있지 않을 수도 있습니다
D:\바탕화면 백업\대학\그래픽스\리팩토링\PA4-C077035\Framework\ObjectClass.cpp(154,42): warning C4316: 'Terrain': 힙에 할당된 개체가 16에 맞추어져 있지 않을 수도 있습니다
D:\바탕화면 백업\대학\그래픽스\리팩토링\PA4-C077035\Framework\ObjectClass.cpp(158,42): warning C4316: 'Terrain': 힙에 할당된 개체가 16에 맞추어져 있지 않을 수도 있습니다
D:\바탕화면 백업\대학\그래픽스\리팩토링\PA4-C077035\Framework\ObjectClass.cpp(162,42): warning C4316: 'Terrain': 힙에 할당된 개체가 16에 맞추어져 있지 않을 수도 있습니다
D:\바탕화면 백업\대학\그래픽스\리팩토링\PA4-C077035\Framework\ObjectClass.cpp(166,42): warning C4316: 'Terrain': 힙에 할당된 개체가 16에 맞추어져 있지 않을 수도 있습니다
D:\바탕화면 백업\대학\그래픽스\리팩토링\PA4-C077035\Framework\ObjectClass.cpp(170,42): warning C4316: 'Terrain': 힙에 할당된 개체가 16에 맞추어져 있지 않을 수도 있습니다
D:\바탕화면 백업\대학\그래픽스\리팩토링\PA4-C077035\Framework\ObjectClass.cpp(174,42): warning C4316: 'Terrain': 힙에 할당된 개체가 16에 맞추어져 있지 않을 수도 있습니다
D:\바탕화면 백업\대학\그래픽스\리팩토링\PA4-C077035\Framework\ObjectClass.cpp(178,52): warning C4316: 'Terrain': 힙에 할당된 개체가 16에 맞추어져 있지 않을 수도 있습니다
D:\바탕화면 백업\대학\그래픽스\리팩토링\PA4-C077035\Framework\ObjectClass.cpp(182,53): warning C4316: 'Terrain': 힙에 할당된 개체가 16에 맞추어져 있지 않을 수도 있습니다
D:\바탕화면 백업\대학\그래픽스\리팩토링\PA4-C077035\Framework\ObjectClass.cpp(186,53): warning C4316: 'Terrain': 힙에 할당된 개체가 16에 맞추어져 있지 않을 수도 있습니다
D:\바탕화면 백업\대학\그래픽스\리팩토링\PA4-C077035\Framework\ObjectClass.cpp(190,48): warning C4316: 'Terrain': 힙에 할당된 개체가 16에 맞추어져 있지 않을 수도 있습니다
D:\바탕화면 백업\대학\그래픽스\리팩토링\PA4-C077035\Framework\ObjectClass.cpp(195,48): warning C4316: 'Terrain': 힙에 할당된 개체가 16에 맞추어져 있지 않을 수도 있습니다
D:\바탕화면 백업\대학\그래픽스\리팩토링\PA4-C077035\Framework\ObjectClass.cpp(199,56): warning C4316: 'Terrain': 힙에 할당된 개체가 16에 맞추어져 있지 않을 수도 있습니다
D:\바탕화면 백업\대학\그래픽스\리팩토링\PA4-C077035\Framework\ObjectClass.cpp(203,57): warning C4316: 'Terrain': 힙에 할당된 개체가 16에 맞추어져 있지 않을 수도 있습니다
D:\바탕화면 백업\대학\그래픽스\리팩토링\PA4-C077035\Framework\ObjectClass.cpp(207,54): warning C4316: 'Terrain': 힙에 할당된 개체가 16에 맞추어져 있지 않을 수도 있습니다
D:\바탕화면 백업\대학\그래픽스\리팩토링\PA4-C077035\Framework\ObjectClass.cpp(211,54): warning C4316: 'Terrain': 힙에 할당된 개체가 16에 맞추어져 있지 않을 수도 있습니다
D:\바탕화면 백업\대학\그래픽스\리팩토링\PA4-C077035\Framework\ObjectClass.cpp(372,46): warning C4305: '인수': 'double'에서 'float'(으)로 잘립니다.
D:\바탕화면 백업\대학\그래픽스\리팩토링\PA4-C077035\Framework\ObjectClass.cpp(374,28): warning C4305: '인수': 'double'에서 'float'(으)로 잘립니다.
D:\바탕화면 백업\대학\그래픽스\리팩토링\PA4-C077035\Framework\ObjectClass.cpp(566,79): warning C4244: '+=': 'float'에서 'int'(으)로 변환하면서 데이터가 손실될 수 있습니다.
  graphicsclass.cpp
