d:\바탕화면 백업\대학\그래픽스\리팩토링\pa4-c077035\framework\release\vc142.pdb
d:\바탕화면 백업\대학\그래픽스\리팩토링\pa4-c077035\framework\release\lightmanager.obj
d:\바탕화면 백업\대학\그래픽스\리팩토링\pa4-c077035\framework\release\lightclass.obj
d:\바탕화면 백업\대학\그래픽스\리팩토링\pa4-c077035\framework\release\inputclass.obj
d:\바탕화면 백업\대학\그래픽스\리팩토링\pa4-c077035\framework\release\image.obj
d:\바탕화면 백업\대학\그래픽스\리팩토링\pa4-c077035\framework\release\graphicsclass.obj
d:\바탕화면 백업\대학\그래픽스\리팩토링\pa4-c077035\framework\release\gameobject.obj
d:\바탕화면 백업\대학\그래픽스\리팩토링\pa4-c077035\framework\release\fpsclass.obj
d:\바탕화면 백업\대학\그래픽스\리팩토링\pa4-c077035\framework\release\fontshaderclass.obj
d:\바탕화면 백업\대학\그래픽스\리팩토링\pa4-c077035\framework\release\fontclass.obj
d:\바탕화면 백업\대학\그래픽스\리팩토링\pa4-c077035\framework\release\ddstextureloader.obj
d:\바탕화면 백업\대학\그래픽스\리팩토링\pa4-c077035\framework\release\d3dclass.obj
d:\바탕화면 백업\대학\그래픽스\리팩토링\pa4-c077035\framework\release\cpuclass.obj
d:\바탕화면 백업\대학\그래픽스\리팩토링\pa4-c077035\framework\release\cameramanager.obj
d:\바탕화면 백업\대학\그래픽스\리팩토링\pa4-c077035\framework\release\firstpersoncamera.obj
d:\바탕화면 백업\대학\그래픽스\리팩토링\pa4-c077035\framework\release\cameraobject.obj
d:\바탕화면 백업\대학\그래픽스\리팩토링\pa4-c077035\framework\release\bullet.obj
d:\바탕화면 백업\대학\그래픽스\리팩토링\pa4-c077035\framework\release\bitmapclass.obj
d:\바탕화면 백업\대학\그래픽스\리팩토링\pa4-c077035\framework\release\billboard.obj
d:\바탕화면 백업\대학\그래픽스\리팩토링\pa4-c077035\framework\release\baseprojectile.obj
d:\바탕화면 백업\대학\그래픽스\리팩토링\pa4-c077035\framework\release\artillerycamera.obj
d:\바탕화면 백업\대학\그래픽스\리팩토링\pa4-c077035\framework\release\timerclass.obj
d:\바탕화면 백업\대학\그래픽스\리팩토링\pa4-c077035\framework\release\thirdpersoncamera.obj
d:\바탕화면 백업\대학\그래픽스\리팩토링\pa4-c077035\framework\release\textureshaderclass.obj
d:\바탕화면 백업\대학\그래픽스\리팩토링\pa4-c077035\framework\release\textureclass.obj
d:\바탕화면 백업\대학\그래픽스\리팩토링\pa4-c077035\framework\release\textclass.obj
d:\바탕화면 백업\대학\그래픽스\리팩토링\pa4-c077035\framework\release\terrain.obj
d:\바탕화면 백업\대학\그래픽스\리팩토링\pa4-c077035\framework\release\systemclass.obj
d:\바탕화면 백업\대학\그래픽스\리팩토링\pa4-c077035\framework\release\skybox.obj
d:\바탕화면 백업\대학\그래픽스\리팩토링\pa4-c077035\framework\release\scopecamera.obj
d:\바탕화면 백업\대학\그래픽스\리팩토링\pa4-c077035\framework\release\player.obj
d:\바탕화면 백업\대학\그래픽스\리팩토링\pa4-c077035\framework\release\objectclass.obj
d:\바탕화면 백업\대학\그래픽스\리팩토링\pa4-c077035\framework\release\monster.obj
d:\바탕화면 백업\대학\그래픽스\리팩토링\pa4-c077035\framework\release\modelclass.obj
d:\바탕화면 백업\대학\그래픽스\리팩토링\pa4-c077035\framework\release\main.obj
d:\바탕화면 백업\대학\그래픽스\리팩토링\pa4-c077035\framework\release\lightshaderclass.obj
d:\바탕화면 백업\대학\그래픽스\리팩토링\pa4-c077035\framework\release\bulletmanager.obj
d:\바탕화면 백업\대학\그래픽스\리팩토링\pa4-c077035\release\framework.exe
d:\바탕화면 백업\대학\그래픽스\리팩토링\pa4-c077035\framework\release\framework.ipdb
d:\바탕화면 백업\대학\그래픽스\리팩토링\pa4-c077035\framework\release\framework.iobj
d:\바탕화면 백업\대학\그래픽스\리팩토링\pa4-c077035\release\framework.pdb
d:\바탕화면 백업\대학\그래픽스\리팩토링\pa4-c077035\framework\release\cameraclass.obj
d:\바탕화면 백업\대학\그래픽스\리팩토링\pa4-c077035\framework\release\object.obj
d:\바탕화면 백업\대학\그래픽스\리팩토링\pa4-c077035\framework\release\vertex.obj
d:\바탕화면 백업\대학\그래픽스\리팩토링\pa4-c077035\framework\release\vc143.pdb
d:\바탕화면 백업\대학\그래픽스\리팩토링\pa4-c077035\framework\release\framework.tlog\cl.command.1.tlog
d:\바탕화면 백업\대학\그래픽스\리팩토링\pa4-c077035\framework\release\framework.tlog\cl.items.tlog
d:\바탕화면 백업\대학\그래픽스\리팩토링\pa4-c077035\framework\release\framework.tlog\cl.read.1.tlog
d:\바탕화면 백업\대학\그래픽스\리팩토링\pa4-c077035\framework\release\framework.tlog\cl.write.1.tlog
d:\바탕화면 백업\대학\그래픽스\리팩토링\pa4-c077035\framework\release\framework.tlog\fxc.command.1.tlog
d:\바탕화면 백업\대학\그래픽스\리팩토링\pa4-c077035\framework\release\framework.tlog\fxc.read.1.tlog
d:\바탕화면 백업\대학\그래픽스\리팩토링\pa4-c077035\framework\release\framework.tlog\link.command.1.tlog
d:\바탕화면 백업\대학\그래픽스\리팩토링\pa4-c077035\framework\release\framework.tlog\link.read.1.tlog
d:\바탕화면 백업\대학\그래픽스\리팩토링\pa4-c077035\framework\release\framework.tlog\link.secondary.1.tlog
d:\바탕화면 백업\대학\그래픽스\리팩토링\pa4-c077035\framework\release\framework.tlog\link.write.1.tlog
