  Collision.cpp
  ObjectClass.cpp
D:\vs22\VC\Tools\MSVC\14.41.34120\include\memory(2906,46): warning C4316: 'std::_Ref_count_obj2<Transform>': 힙에 할당된 개체가 16에 맞추어져 있지 않을 수도 있습니다
  (소스 파일 'ObjectClass.cpp'을(를) 컴파일하는 중)
      D:\vs22\VC\Tools\MSVC\14.41.34120\include\memory(2906,46):
      템플릿 인스턴스화 컨텍스트(가장 오래된 인스턴스화 컨텍스트)가
          D:\_1\KogmowDefense\kogmowDefense\PA4-C077035 - Component\Framework\ObjectClass.cpp(17,23):
          컴파일되는 함수 템플릿 인스턴스화 'void GameObject::AddComponent<Transform,DirectX::XMFLOAT3,DirectX::XMFLOAT3,DirectX::XMFLOAT3,DirectX::XMFLOAT3>(DirectX::XMFLOAT3 &&,DirectX::XMFLOAT3 &&,DirectX::XMFLOAT3 &&,DirectX::XMFLOAT3 &&)'에 대한 참조를 확인하세요.
          D:\_1\KogmowDefense\kogmowDefense\PA4-C077035 - Component\Framework\GameObject.h(142,32):
          컴파일되는 함수 템플릿 인스턴스화 'std::shared_ptr<_Ty> std::make_shared<Transform,DirectX::XMFLOAT3,DirectX::XMFLOAT3,DirectX::XMFLOAT3,DirectX::XMFLOAT3>(DirectX::XMFLOAT3 &&,DirectX::XMFLOAT3 &&,DirectX::XMFLOAT3 &&,DirectX::XMFLOAT3 &&)'에 대한 참조를 확인하세요.
          with
          [
              _Ty=Transform
          ]
  
  코드를 생성하고 있습니다.
  3 of 2392 functions ( 0.1%) were compiled, the rest were copied from previous compilation.
    0 functions were new in current compilation
    10 functions had inline decision re-evaluated but remain unchanged
  코드를 생성했습니다.
  Framework.vcxproj -> D:\_1\KogmowDefense\kogmowDefense\PA4-C077035 - Component\Release\Framework.exe
